2026-02-18 20:43:51,707 - INFO - ============================================================
2026-02-18 20:43:51,708 - INFO - STARTING FEATURE SELECTION PIPELINE
2026-02-18 20:43:51,708 - INFO - ============================================================
2026-02-18 20:43:51,708 - INFO - Loading processed data from data/processed/train.csv
2026-02-18 20:43:51,855 - INFO - Data shape: (80000, 32)
2026-02-18 20:43:51,857 - INFO - Features: 31
2026-02-18 20:43:51,857 - INFO - Target distribution:
insomnia_class
0    0.620988
1    0.379012
Name: proportion, dtype: float64
2026-02-18 20:43:51,860 - INFO - 
=== CORRELATION ANALYSIS ===
2026-02-18 20:43:51,977 - INFO - 
Top 10 features correlated with insomnia:
2026-02-18 20:43:51,978 - INFO -   sleep_disorder_note_count: 0.4439
2026-02-18 20:43:51,978 - INFO -   insomnia_billing_code_count: 0.1219
2026-02-18 20:43:51,978 - INFO -   anx_depr_billing_code_count: 0.0760
2026-02-18 20:43:51,978 - INFO -   emr_fact_count: 0.0285
2026-02-18 20:43:51,978 - INFO -   bmi: 0.0172
2026-02-18 20:43:51,979 - INFO -   insomnia_rx_count: 0.0140
2026-02-18 20:43:51,979 - INFO -   psych_note_count: 0.0112
2026-02-18 20:43:51,979 - INFO -   obesity: -0.0096
2026-02-18 20:43:51,979 - INFO -   joint_disorder_billing_code_count: 0.0091
2026-02-18 20:43:51,979 - INFO -   renal_failure: 0.0070
2026-02-18 20:43:51,979 - INFO - 
Features with |correlation| > 0.1: 2
2026-02-18 20:43:52,619 - INFO - Correlation plot saved to reports/figures/feature_correlations.png
2026-02-18 20:43:52,723 - INFO - 
=== MUTUAL INFORMATION SELECTION ===
2026-02-18 20:43:58,387 - INFO - 
Top 10 features by Mutual Information:
2026-02-18 20:43:58,388 - INFO -   sleep_disorder_note_count: 0.1338
2026-02-18 20:43:58,388 - INFO -   emr_fact_count: 0.0312
2026-02-18 20:43:58,388 - INFO -   diabetes: 0.0096
2026-02-18 20:43:58,389 - INFO -   insomnia_billing_code_count: 0.0092
2026-02-18 20:43:58,389 - INFO -   hypertension: 0.0081
2026-02-18 20:43:58,389 - INFO -   ethnicity_encoded: 0.0080
2026-02-18 20:43:58,389 - INFO -   gastrointestinal_disorder: 0.0078
2026-02-18 20:43:58,389 - INFO -   lipid_metabolism_disorder: 0.0065
2026-02-18 20:43:58,389 - INFO -   anxiety_or_depression: 0.0057
2026-02-18 20:43:58,390 - INFO -   pneumonia: 0.0051
2026-02-18 20:43:58,519 - INFO - MI plot saved to reports/figures/mutual_information.png
2026-02-18 20:43:58,520 - INFO - 
Selected top 20 features by MI
2026-02-18 20:43:58,520 - INFO - 
=== RECURSIVE FEATURE ELIMINATION ===
2026-02-18 20:43:59,189 - INFO - 
Top 15 features selected by RFE:
2026-02-18 20:43:59,189 - INFO -   sleep_disorder_note_count
2026-02-18 20:43:59,189 - INFO -   insomnia_billing_code_count
2026-02-18 20:43:59,189 - INFO -   anx_depr_billing_code_count
2026-02-18 20:43:59,189 - INFO -   psych_note_count
2026-02-18 20:43:59,189 - INFO -   insomnia_rx_count
2026-02-18 20:43:59,190 - INFO -   joint_disorder_billing_code_count
2026-02-18 20:43:59,190 - INFO -   emr_fact_count
2026-02-18 20:43:59,190 - INFO -   obesity
2026-02-18 20:43:59,190 - INFO -   hypertension
2026-02-18 20:43:59,190 - INFO -   psychiatric_disorder
2026-02-18 20:43:59,190 - INFO -   ckd_or_esrd
2026-02-18 20:43:59,190 - INFO -   congestive_heart_failure
2026-02-18 20:43:59,190 - INFO -   diabetes
2026-02-18 20:43:59,190 - INFO -   gastrointestinal_disorder
2026-02-18 20:43:59,190 - INFO -   renal_failure
2026-02-18 20:43:59,190 - INFO - 
=== RANDOM FOREST FEATURE IMPORTANCE ===
2026-02-18 20:43:59,723 - INFO - 
Top 10 features by Random Forest importance:
2026-02-18 20:43:59,724 - INFO -   sleep_disorder_note_count: 0.7280
2026-02-18 20:43:59,724 - INFO -   emr_fact_count: 0.1090
2026-02-18 20:43:59,724 - INFO -   insomnia_billing_code_count: 0.0495
2026-02-18 20:43:59,724 - INFO -   anx_depr_billing_code_count: 0.0203
2026-02-18 20:43:59,724 - INFO -   bmi: 0.0175
2026-02-18 20:43:59,724 - INFO -   age: 0.0163
2026-02-18 20:43:59,725 - INFO -   joint_disorder_billing_code_count: 0.0049
2026-02-18 20:43:59,725 - INFO -   insomnia_rx_count: 0.0047
2026-02-18 20:43:59,725 - INFO -   ethnicity_encoded: 0.0043
2026-02-18 20:43:59,725 - INFO -   psych_note_count: 0.0042
2026-02-18 20:43:59,853 - INFO - RF importance plot saved to reports/figures/rf_importance.png
2026-02-18 20:43:59,854 - INFO - 
=== STATISTICAL TESTS ===
2026-02-18 20:44:00,153 - INFO - 
Features with largest effect size (Cohen's d):
2026-02-18 20:44:00,153 - INFO -   sleep_disorder_note_count: d=0.9338, p=0.0000 *
2026-02-18 20:44:00,153 - INFO -   insomnia_billing_code_count: d=0.2391, p=0.0000 *
2026-02-18 20:44:00,154 - INFO -   anx_depr_billing_code_count: d=0.1524, p=0.0000 *
2026-02-18 20:44:00,154 - INFO -   emr_fact_count: d=0.0566, p=0.0000 *
2026-02-18 20:44:00,154 - INFO -   bmi: d=0.0346, p=0.0000 *
2026-02-18 20:44:00,154 - INFO -   insomnia_rx_count: d=0.0287, p=0.0001 *
2026-02-18 20:44:00,154 - INFO -   psych_note_count: d=0.0229, p=0.0016 *
2026-02-18 20:44:00,154 - INFO -   joint_disorder_billing_code_count: d=0.0187, p=0.0099 *
2026-02-18 20:44:00,154 - INFO -   renal_failure: d=0.0145, p=0.0466 *
2026-02-18 20:44:00,154 - INFO -   ethnicity_encoded: d=0.0124, p=0.0893 
2026-02-18 20:44:00,155 - INFO - 
=== SELECTING FINAL FEATURES (method: consensus) ===
2026-02-18 20:44:00,155 - INFO - 
=== COMBINING SELECTION METHODS ===
2026-02-18 20:44:00,155 - INFO - 
=== CORRELATION ANALYSIS ===
2026-02-18 20:44:00,271 - INFO - 
Top 10 features correlated with insomnia:
2026-02-18 20:44:00,272 - INFO -   sleep_disorder_note_count: 0.4439
2026-02-18 20:44:00,272 - INFO -   insomnia_billing_code_count: 0.1219
2026-02-18 20:44:00,272 - INFO -   anx_depr_billing_code_count: 0.0760
2026-02-18 20:44:00,272 - INFO -   emr_fact_count: 0.0285
2026-02-18 20:44:00,273 - INFO -   bmi: 0.0172
2026-02-18 20:44:00,273 - INFO -   insomnia_rx_count: 0.0140
2026-02-18 20:44:00,273 - INFO -   psych_note_count: 0.0112
2026-02-18 20:44:00,273 - INFO -   obesity: -0.0096
2026-02-18 20:44:00,273 - INFO -   joint_disorder_billing_code_count: 0.0091
2026-02-18 20:44:00,273 - INFO -   renal_failure: 0.0070
2026-02-18 20:44:00,273 - INFO - 
Features with |correlation| > 0.1: 2
2026-02-18 20:44:00,395 - INFO - Correlation plot saved to reports/figures/feature_correlations.png
2026-02-18 20:44:00,495 - INFO - Correlation: 15 features
2026-02-18 20:44:00,495 - INFO - 
=== MUTUAL INFORMATION SELECTION ===
2026-02-18 20:44:06,289 - INFO - 
Top 10 features by Mutual Information:
2026-02-18 20:44:06,290 - INFO -   sleep_disorder_note_count: 0.1360
2026-02-18 20:44:06,290 - INFO -   emr_fact_count: 0.0325
2026-02-18 20:44:06,290 - INFO -   insomnia_billing_code_count: 0.0114
2026-02-18 20:44:06,291 - INFO -   hypertension: 0.0097
2026-02-18 20:44:06,291 - INFO -   diabetes: 0.0088
2026-02-18 20:44:06,291 - INFO -   anx_depr_billing_code_count: 0.0082
2026-02-18 20:44:06,291 - INFO -   anxiety_or_depression: 0.0082
2026-02-18 20:44:06,292 - INFO -   gastrointestinal_disorder: 0.0075
2026-02-18 20:44:06,292 - INFO -   lipid_metabolism_disorder: 0.0057
2026-02-18 20:44:06,292 - INFO -   ethnicity_encoded: 0.0056
2026-02-18 20:44:06,421 - INFO - MI plot saved to reports/figures/mutual_information.png
2026-02-18 20:44:06,422 - INFO - 
Selected top 15 features by MI
2026-02-18 20:44:06,422 - INFO - Mutual Info: 15 features
2026-02-18 20:44:06,422 - INFO - 
=== RECURSIVE FEATURE ELIMINATION ===
2026-02-18 20:44:07,094 - INFO - 
Top 15 features selected by RFE:
2026-02-18 20:44:07,094 - INFO -   sleep_disorder_note_count
2026-02-18 20:44:07,094 - INFO -   insomnia_billing_code_count
2026-02-18 20:44:07,094 - INFO -   anx_depr_billing_code_count
2026-02-18 20:44:07,094 - INFO -   psych_note_count
2026-02-18 20:44:07,094 - INFO -   insomnia_rx_count
2026-02-18 20:44:07,094 - INFO -   joint_disorder_billing_code_count
2026-02-18 20:44:07,094 - INFO -   emr_fact_count
2026-02-18 20:44:07,094 - INFO -   obesity
2026-02-18 20:44:07,094 - INFO -   hypertension
2026-02-18 20:44:07,094 - INFO -   psychiatric_disorder
2026-02-18 20:44:07,094 - INFO -   ckd_or_esrd
2026-02-18 20:44:07,094 - INFO -   congestive_heart_failure
2026-02-18 20:44:07,094 - INFO -   diabetes
2026-02-18 20:44:07,094 - INFO -   gastrointestinal_disorder
2026-02-18 20:44:07,096 - INFO -   renal_failure
2026-02-18 20:44:07,096 - INFO - RFE: 15 features
2026-02-18 20:44:07,096 - INFO - 
=== RANDOM FOREST FEATURE IMPORTANCE ===
2026-02-18 20:44:07,624 - INFO - 
Top 10 features by Random Forest importance:
2026-02-18 20:44:07,625 - INFO -   sleep_disorder_note_count: 0.7280
2026-02-18 20:44:07,625 - INFO -   emr_fact_count: 0.1090
2026-02-18 20:44:07,625 - INFO -   insomnia_billing_code_count: 0.0495
2026-02-18 20:44:07,625 - INFO -   anx_depr_billing_code_count: 0.0203
2026-02-18 20:44:07,625 - INFO -   bmi: 0.0175
2026-02-18 20:44:07,625 - INFO -   age: 0.0163
2026-02-18 20:44:07,625 - INFO -   joint_disorder_billing_code_count: 0.0049
2026-02-18 20:44:07,625 - INFO -   insomnia_rx_count: 0.0047
2026-02-18 20:44:07,626 - INFO -   ethnicity_encoded: 0.0043
2026-02-18 20:44:07,626 - INFO -   psych_note_count: 0.0042
2026-02-18 20:44:07,750 - INFO - RF importance plot saved to reports/figures/rf_importance.png
2026-02-18 20:44:07,752 - INFO - Random Forest: 15 features
2026-02-18 20:44:07,754 - INFO - Features selected by all methods: 7
2026-02-18 20:44:07,754 - INFO - 
Features selected by ALL methods:
2026-02-18 20:44:07,755 - INFO -   sleep_disorder_note_count
2026-02-18 20:44:07,755 - INFO -   insomnia_billing_code_count
2026-02-18 20:44:07,755 - INFO -   anx_depr_billing_code_count
2026-02-18 20:44:07,755 - INFO -   emr_fact_count
2026-02-18 20:44:07,755 - INFO -   psych_note_count
2026-02-18 20:44:07,755 - INFO -   obesity
2026-02-18 20:44:07,755 - INFO -   gastrointestinal_disorder
2026-02-18 20:44:07,757 - INFO - 
Feature selection summary saved to models/features/feature_selection_summary.csv
2026-02-18 20:44:07,936 - INFO - 
Final selected features (17):
2026-02-18 20:44:07,937 - INFO -   1. sleep_disorder_note_count
2026-02-18 20:44:07,937 - INFO -   2. insomnia_billing_code_count
2026-02-18 20:44:07,937 - INFO -   3. anx_depr_billing_code_count
2026-02-18 20:44:07,937 - INFO -   4. emr_fact_count
2026-02-18 20:44:07,937 - INFO -   5. bmi
2026-02-18 20:44:07,937 - INFO -   6. insomnia_rx_count
2026-02-18 20:44:07,937 - INFO -   7. psych_note_count
2026-02-18 20:44:07,937 - INFO -   8. obesity
2026-02-18 20:44:07,937 - INFO -   9. joint_disorder_billing_code_count
2026-02-18 20:44:07,937 - INFO -   10. renal_failure
2026-02-18 20:44:07,937 - INFO -   11. ethnicity_encoded
2026-02-18 20:44:07,937 - INFO -   12. gastrointestinal_disorder
2026-02-18 20:44:07,938 - INFO -   13. diabetes
2026-02-18 20:44:07,938 - INFO -   14. ckd_or_esrd
2026-02-18 20:44:07,938 - INFO -   15. smoking_status_encoded
2026-02-18 20:44:07,938 - INFO -   16. hypertension
2026-02-18 20:44:07,938 - INFO -   17. congestive_heart_failure
2026-02-18 20:44:08,389 - INFO - 
=== GENERATING FEATURE SELECTION REPORT ===
2026-02-18 20:44:08,389 - INFO - 
=== CORRELATION ANALYSIS ===
2026-02-18 20:44:08,506 - INFO - 
Top 10 features correlated with insomnia:
2026-02-18 20:44:08,506 - INFO -   sleep_disorder_note_count: 0.4439
2026-02-18 20:44:08,506 - INFO -   insomnia_billing_code_count: 0.1219
2026-02-18 20:44:08,506 - INFO -   anx_depr_billing_code_count: 0.0760
2026-02-18 20:44:08,508 - INFO -   emr_fact_count: 0.0285
2026-02-18 20:44:08,508 - INFO -   bmi: 0.0172
2026-02-18 20:44:08,508 - INFO -   insomnia_rx_count: 0.0140
2026-02-18 20:44:08,508 - INFO -   psych_note_count: 0.0112
2026-02-18 20:44:08,508 - INFO -   obesity: -0.0096
2026-02-18 20:44:08,508 - INFO -   joint_disorder_billing_code_count: 0.0091
2026-02-18 20:44:08,508 - INFO -   renal_failure: 0.0070
2026-02-18 20:44:08,508 - INFO - 
Features with |correlation| > 0.1: 2
2026-02-18 20:44:08,635 - INFO - Correlation plot saved to reports/figures/feature_correlations.png
2026-02-18 20:44:08,736 - INFO - 
=== STATISTICAL TESTS ===
2026-02-18 20:44:08,995 - INFO - 
Features with largest effect size (Cohen's d):
2026-02-18 20:44:08,996 - INFO -   sleep_disorder_note_count: d=0.9338, p=0.0000 *
2026-02-18 20:44:08,996 - INFO -   insomnia_billing_code_count: d=0.2391, p=0.0000 *
2026-02-18 20:44:08,996 - INFO -   anx_depr_billing_code_count: d=0.1524, p=0.0000 *
2026-02-18 20:44:08,996 - INFO -   emr_fact_count: d=0.0566, p=0.0000 *
2026-02-18 20:44:08,996 - INFO -   bmi: d=0.0346, p=0.0000 *
2026-02-18 20:44:08,996 - INFO -   insomnia_rx_count: d=0.0287, p=0.0001 *
2026-02-18 20:44:08,997 - INFO -   psych_note_count: d=0.0229, p=0.0016 *
2026-02-18 20:44:08,997 - INFO -   joint_disorder_billing_code_count: d=0.0187, p=0.0099 *
2026-02-18 20:44:08,997 - INFO -   renal_failure: d=0.0145, p=0.0466 *
2026-02-18 20:44:08,997 - INFO -   ethnicity_encoded: d=0.0124, p=0.0893 
2026-02-18 20:44:08,999 - INFO - Report saved to reports/feature_selection_report.txt
2026-02-18 20:44:08,999 - INFO - ============================================================
2026-02-18 20:44:09,001 - INFO - ============================================================
2026-02-18 21:27:59,827 - INFO - ============================================================
2026-02-18 21:27:59,827 - INFO - STARTING FEATURE SELECTION PIPELINE
2026-02-18 21:27:59,827 - INFO - ============================================================
2026-02-18 21:27:59,827 - INFO - Loading processed data from data/processed/train.csv
2026-02-18 21:28:00,775 - INFO - Data shape: (800000, 32)
2026-02-18 21:28:00,806 - INFO - Features: 31
2026-02-18 21:28:00,809 - INFO - Target distribution:
insomnia_class
0    0.620461
1    0.379539
Name: proportion, dtype: float64
2026-02-18 21:28:00,809 - INFO - 
=== CORRELATION ANALYSIS ===
2026-02-18 21:28:01,811 - INFO - 
Top 10 features correlated with insomnia:
2026-02-18 21:28:01,812 - INFO -   sleep_disorder_note_count: 0.4399
2026-02-18 21:28:01,812 - INFO -   insomnia_billing_code_count: 0.1255
2026-02-18 21:28:01,812 - INFO -   anx_depr_billing_code_count: 0.0782
2026-02-18 21:28:01,812 - INFO -   emr_fact_count: 0.0266
2026-02-18 21:28:01,812 - INFO -   psych_note_count: 0.0216
2026-02-18 21:28:01,812 - INFO -   insomnia_rx_count: 0.0171
2026-02-18 21:28:01,812 - INFO -   bmi: 0.0151
2026-02-18 21:28:01,812 - INFO -   joint_disorder_billing_code_count: 0.0121
2026-02-18 21:28:01,812 - INFO -   age: -0.0031
2026-02-18 21:28:01,812 - INFO -   hypertension: -0.0027
2026-02-18 21:28:01,813 - INFO - 
Features with |correlation| > 0.1: 2
2026-02-18 21:28:01,999 - INFO - Correlation plot saved to reports/figures/feature_correlations.png
2026-02-18 21:28:02,973 - INFO - 
=== MUTUAL INFORMATION SELECTION ===
2026-02-18 21:29:12,397 - INFO - 
Top 10 features by Mutual Information:
2026-02-18 21:29:12,398 - INFO -   sleep_disorder_note_count: 0.1707
2026-02-18 21:29:12,398 - INFO -   hypertension: 0.0916
2026-02-18 21:29:12,398 - INFO -   lipid_metabolism_disorder: 0.0879
2026-02-18 21:29:12,398 - INFO -   diabetes: 0.0776
2026-02-18 21:29:12,398 - INFO -   gastrointestinal_disorder: 0.0735
2026-02-18 21:29:12,398 - INFO -   ethnicity_encoded: 0.0722
2026-02-18 21:29:12,399 - INFO -   anxiety_or_depression: 0.0636
2026-02-18 21:29:12,399 - INFO -   sex_encoded: 0.0460
2026-02-18 21:29:12,399 - INFO -   psychiatric_disorder: 0.0421
2026-02-18 21:29:12,399 - INFO -   pneumonia: 0.0394
2026-02-18 21:29:12,527 - INFO - MI plot saved to reports/figures/mutual_information.png
2026-02-18 21:29:12,527 - INFO - 
Selected top 20 features by MI
2026-02-18 21:29:12,528 - INFO - 
=== RECURSIVE FEATURE ELIMINATION ===
2026-02-18 21:29:18,539 - INFO - 
Top 15 features selected by RFE:
2026-02-18 21:29:18,539 - INFO -   age
2026-02-18 21:29:18,539 - INFO -   sleep_disorder_note_count
2026-02-18 21:29:18,539 - INFO -   insomnia_billing_code_count
2026-02-18 21:29:18,539 - INFO -   anx_depr_billing_code_count
2026-02-18 21:29:18,539 - INFO -   psych_note_count
2026-02-18 21:29:18,540 - INFO -   insomnia_rx_count
2026-02-18 21:29:18,540 - INFO -   joint_disorder_billing_code_count
2026-02-18 21:29:18,540 - INFO -   emr_fact_count
2026-02-18 21:29:18,540 - INFO -   afib_or_flutter
2026-02-18 21:29:18,540 - INFO -   hypertension
2026-02-18 21:29:18,540 - INFO -   copd
2026-02-18 21:29:18,540 - INFO -   congestive_heart_failure
2026-02-18 21:29:18,540 - INFO -   anxiety_or_depression
2026-02-18 21:29:18,540 - INFO -   osteoporosis
2026-02-18 21:29:18,540 - INFO -   coronary_artery_disease
2026-02-18 21:29:18,540 - INFO - 
=== RANDOM FOREST FEATURE IMPORTANCE ===
2026-02-18 21:29:25,858 - INFO - 
Top 10 features by Random Forest importance:
2026-02-18 21:29:25,859 - INFO -   sleep_disorder_note_count: 0.8153
2026-02-18 21:29:25,860 - INFO -   emr_fact_count: 0.0969
2026-02-18 21:29:25,860 - INFO -   insomnia_billing_code_count: 0.0528
2026-02-18 21:29:25,860 - INFO -   anx_depr_billing_code_count: 0.0172
2026-02-18 21:29:25,860 - INFO -   bmi: 0.0038
2026-02-18 21:29:25,861 - INFO -   age: 0.0029
2026-02-18 21:29:25,861 - INFO -   psych_note_count: 0.0018
2026-02-18 21:29:25,861 - INFO -   insomnia_rx_count: 0.0014
2026-02-18 21:29:25,861 - INFO -   joint_disorder_billing_code_count: 0.0010
2026-02-18 21:29:25,861 - INFO -   ethnicity_encoded: 0.0007
2026-02-18 21:29:25,985 - INFO - RF importance plot saved to reports/figures/rf_importance.png
2026-02-18 21:29:25,987 - INFO - 
=== STATISTICAL TESTS ===
2026-02-18 21:29:28,055 - INFO - 
Features with largest effect size (Cohen's d):
2026-02-18 21:29:28,056 - INFO -   sleep_disorder_note_count: d=0.9237, p=0.0000 *
2026-02-18 21:29:28,056 - INFO -   insomnia_billing_code_count: d=0.2459, p=0.0000 *
2026-02-18 21:29:28,057 - INFO -   anx_depr_billing_code_count: d=0.1571, p=0.0000 *
2026-02-18 21:29:28,057 - INFO -   emr_fact_count: d=0.0528, p=0.0000 *
2026-02-18 21:29:28,057 - INFO -   psych_note_count: d=0.0439, p=0.0000 *
2026-02-18 21:29:28,057 - INFO -   insomnia_rx_count: d=0.0347, p=0.0000 *
2026-02-18 21:29:28,057 - INFO -   bmi: d=0.0305, p=0.0000 *
2026-02-18 21:29:28,057 - INFO -   joint_disorder_billing_code_count: d=0.0247, p=0.0000 *
2026-02-18 21:29:28,057 - INFO -   anxiety_or_depression: d=0.0034, p=0.1415 
2026-02-18 21:29:28,058 - INFO -   afib_or_flutter: d=0.0031, p=0.1782 
2026-02-18 21:29:28,062 - INFO - 
=== SELECTING FINAL FEATURES (method: consensus) ===
2026-02-18 21:29:28,062 - INFO - 
=== COMBINING SELECTION METHODS ===
2026-02-18 21:29:28,062 - INFO - 
=== CORRELATION ANALYSIS ===
2026-02-18 21:29:29,085 - INFO - 
Top 10 features correlated with insomnia:
2026-02-18 21:29:29,086 - INFO -   sleep_disorder_note_count: 0.4399
2026-02-18 21:29:29,086 - INFO -   insomnia_billing_code_count: 0.1255
2026-02-18 21:29:29,086 - INFO -   anx_depr_billing_code_count: 0.0782
2026-02-18 21:29:29,086 - INFO -   emr_fact_count: 0.0266
2026-02-18 21:29:29,086 - INFO -   psych_note_count: 0.0216
2026-02-18 21:29:29,086 - INFO -   insomnia_rx_count: 0.0171
2026-02-18 21:29:29,086 - INFO -   bmi: 0.0151
2026-02-18 21:29:29,086 - INFO -   joint_disorder_billing_code_count: 0.0121
2026-02-18 21:29:29,086 - INFO -   age: -0.0031
2026-02-18 21:29:29,086 - INFO -   hypertension: -0.0027
2026-02-18 21:29:29,087 - INFO - 
Features with |correlation| > 0.1: 2
2026-02-18 21:29:29,209 - INFO - Correlation plot saved to reports/figures/feature_correlations.png
2026-02-18 21:29:30,175 - INFO - Correlation: 15 features
2026-02-18 21:29:30,175 - INFO - 
=== MUTUAL INFORMATION SELECTION ===
2026-02-18 21:30:39,178 - INFO - 
Top 10 features by Mutual Information:
2026-02-18 21:30:39,179 - INFO -   sleep_disorder_note_count: 0.1724
2026-02-18 21:30:39,179 - INFO -   hypertension: 0.0913
2026-02-18 21:30:39,179 - INFO -   lipid_metabolism_disorder: 0.0881
2026-02-18 21:30:39,179 - INFO -   diabetes: 0.0785
2026-02-18 21:30:39,180 - INFO -   gastrointestinal_disorder: 0.0740
2026-02-18 21:30:39,180 - INFO -   ethnicity_encoded: 0.0719
2026-02-18 21:30:39,180 - INFO -   anxiety_or_depression: 0.0622
2026-02-18 21:30:39,180 - INFO -   sex_encoded: 0.0473
2026-02-18 21:30:39,180 - INFO -   psychiatric_disorder: 0.0425
2026-02-18 21:30:39,181 - INFO -   pneumonia: 0.0412
2026-02-18 21:30:39,304 - INFO - MI plot saved to reports/figures/mutual_information.png
2026-02-18 21:30:39,304 - INFO - 
Selected top 15 features by MI
2026-02-18 21:30:39,304 - INFO - Mutual Info: 15 features
2026-02-18 21:30:39,304 - INFO - 
=== RECURSIVE FEATURE ELIMINATION ===
2026-02-18 21:30:45,323 - INFO - 
Top 15 features selected by RFE:
2026-02-18 21:30:45,323 - INFO -   age
2026-02-18 21:30:45,324 - INFO -   sleep_disorder_note_count
2026-02-18 21:30:45,324 - INFO -   insomnia_billing_code_count
2026-02-18 21:30:45,324 - INFO -   anx_depr_billing_code_count
2026-02-18 21:30:45,324 - INFO -   psych_note_count
2026-02-18 21:30:45,324 - INFO -   insomnia_rx_count
2026-02-18 21:30:45,324 - INFO -   joint_disorder_billing_code_count
2026-02-18 21:30:45,324 - INFO -   emr_fact_count
2026-02-18 21:30:45,325 - INFO -   afib_or_flutter
2026-02-18 21:30:45,325 - INFO -   hypertension
2026-02-18 21:30:45,325 - INFO -   copd
2026-02-18 21:30:45,325 - INFO -   congestive_heart_failure
2026-02-18 21:30:45,325 - INFO -   anxiety_or_depression
2026-02-18 21:30:45,325 - INFO -   osteoporosis
2026-02-18 21:30:45,325 - INFO -   coronary_artery_disease
2026-02-18 21:30:45,325 - INFO - RFE: 15 features
2026-02-18 21:30:45,325 - INFO - 
=== RANDOM FOREST FEATURE IMPORTANCE ===
2026-02-18 21:30:52,608 - INFO - 
Top 10 features by Random Forest importance:
2026-02-18 21:30:52,609 - INFO -   sleep_disorder_note_count: 0.8153
2026-02-18 21:30:52,609 - INFO -   emr_fact_count: 0.0969
2026-02-18 21:30:52,610 - INFO -   insomnia_billing_code_count: 0.0528
2026-02-18 21:30:52,610 - INFO -   anx_depr_billing_code_count: 0.0172
2026-02-18 21:30:52,610 - INFO -   bmi: 0.0038
2026-02-18 21:30:52,610 - INFO -   age: 0.0029
2026-02-18 21:30:52,610 - INFO -   psych_note_count: 0.0018
2026-02-18 21:30:52,610 - INFO -   insomnia_rx_count: 0.0014
2026-02-18 21:30:52,610 - INFO -   joint_disorder_billing_code_count: 0.0010
2026-02-18 21:30:52,610 - INFO -   ethnicity_encoded: 0.0007
2026-02-18 21:30:52,737 - INFO - RF importance plot saved to reports/figures/rf_importance.png
2026-02-18 21:30:52,738 - INFO - Random Forest: 15 features
2026-02-18 21:30:52,740 - INFO - Features selected by all methods: 3
2026-02-18 21:30:52,740 - INFO - 
Features selected by ALL methods:
2026-02-18 21:30:52,740 - INFO -   sleep_disorder_note_count
2026-02-18 21:30:52,740 - INFO -   insomnia_billing_code_count
2026-02-18 21:30:52,740 - INFO -   anx_depr_billing_code_count
2026-02-18 21:30:52,742 - INFO - 
Feature selection summary saved to models/features/feature_selection_summary.csv
2026-02-18 21:30:52,873 - INFO - 
Final selected features (21):
2026-02-18 21:30:52,873 - INFO -   1. sleep_disorder_note_count
2026-02-18 21:30:52,873 - INFO -   2. insomnia_billing_code_count
2026-02-18 21:30:52,873 - INFO -   3. anx_depr_billing_code_count
2026-02-18 21:30:52,873 - INFO -   4. emr_fact_count
2026-02-18 21:30:52,873 - INFO -   5. psych_note_count
2026-02-18 21:30:52,874 - INFO -   6. insomnia_rx_count
2026-02-18 21:30:52,874 - INFO -   7. bmi
2026-02-18 21:30:52,874 - INFO -   8. joint_disorder_billing_code_count
2026-02-18 21:30:52,874 - INFO -   9. age
2026-02-18 21:30:52,874 - INFO -   10. hypertension
2026-02-18 21:30:52,874 - INFO -   11. coronary_artery_disease
2026-02-18 21:30:52,874 - INFO -   12. anxiety_or_depression
2026-02-18 21:30:52,874 - INFO -   13. afib_or_flutter
2026-02-18 21:30:52,875 - INFO -   14. osteoporosis
2026-02-18 21:30:52,875 - INFO -   15. copd
2026-02-18 21:30:52,875 - INFO -   16. diabetes
2026-02-18 21:30:52,875 - INFO -   17. ethnicity_encoded
2026-02-18 21:30:52,875 - INFO -   18. pneumonia
2026-02-18 21:30:52,875 - INFO -   19. smoking_status_encoded
2026-02-18 21:30:52,875 - INFO -   20. obesity
2026-02-18 21:30:52,875 - INFO -   21. congestive_heart_failure
2026-02-18 21:30:57,735 - INFO - 
=== GENERATING FEATURE SELECTION REPORT ===
2026-02-18 21:30:57,735 - INFO - 
=== CORRELATION ANALYSIS ===
2026-02-18 21:30:58,742 - INFO - 
Top 10 features correlated with insomnia:
2026-02-18 21:30:58,743 - INFO -   sleep_disorder_note_count: 0.4399
2026-02-18 21:30:58,743 - INFO -   insomnia_billing_code_count: 0.1255
2026-02-18 21:30:58,744 - INFO -   anx_depr_billing_code_count: 0.0782
2026-02-18 21:30:58,744 - INFO -   emr_fact_count: 0.0266
2026-02-18 21:30:58,744 - INFO -   psych_note_count: 0.0216
2026-02-18 21:30:58,744 - INFO -   insomnia_rx_count: 0.0171
2026-02-18 21:30:58,744 - INFO -   bmi: 0.0151
2026-02-18 21:30:58,744 - INFO -   joint_disorder_billing_code_count: 0.0121
2026-02-18 21:30:58,744 - INFO -   age: -0.0031
2026-02-18 21:30:58,744 - INFO -   hypertension: -0.0027
2026-02-18 21:30:58,745 - INFO - 
Features with |correlation| > 0.1: 2
2026-02-18 21:30:58,870 - INFO - Correlation plot saved to reports/figures/feature_correlations.png
2026-02-18 21:30:59,831 - INFO - 
=== STATISTICAL TESTS ===
2026-02-18 21:31:01,888 - INFO - 
Features with largest effect size (Cohen's d):
2026-02-18 21:31:01,889 - INFO -   sleep_disorder_note_count: d=0.9237, p=0.0000 *
2026-02-18 21:31:01,889 - INFO -   insomnia_billing_code_count: d=0.2459, p=0.0000 *
2026-02-18 21:31:01,889 - INFO -   anx_depr_billing_code_count: d=0.1571, p=0.0000 *
2026-02-18 21:31:01,889 - INFO -   emr_fact_count: d=0.0528, p=0.0000 *
2026-02-18 21:31:01,889 - INFO -   psych_note_count: d=0.0439, p=0.0000 *
2026-02-18 21:31:01,889 - INFO -   insomnia_rx_count: d=0.0347, p=0.0000 *
2026-02-18 21:31:01,889 - INFO -   bmi: d=0.0305, p=0.0000 *
2026-02-18 21:31:01,889 - INFO -   joint_disorder_billing_code_count: d=0.0247, p=0.0000 *
2026-02-18 21:31:01,889 - INFO -   anxiety_or_depression: d=0.0034, p=0.1415 
2026-02-18 21:31:01,890 - INFO -   afib_or_flutter: d=0.0031, p=0.1782 
2026-02-18 21:31:01,894 - INFO - Report saved to reports/feature_selection_report.txt
2026-02-18 21:31:01,894 - INFO - ============================================================
2026-02-18 21:31:01,896 - INFO - ============================================================
