2026-02-18 20:55:10,043 - INFO - ============================================================
2026-02-18 20:55:10,043 - INFO - STARTING MODEL TRAINING PIPELINE
2026-02-18 20:55:10,044 - INFO - ============================================================
2026-02-18 20:55:10,044 - INFO - Loading data from data/processed/train_selected.csv
2026-02-18 20:55:10,142 - INFO - Data shape: (80000, 18)
2026-02-18 20:55:10,145 - INFO - Features: 17
2026-02-18 20:55:10,147 - INFO - Target distribution:
insomnia_class
0    0.620988
1    0.379012
Name: proportion, dtype: float64
2026-02-18 20:55:10,166 - INFO - 
Train set: 64000 samples
2026-02-18 20:55:10,168 - INFO - Test set: 16000 samples
2026-02-18 20:55:10,168 - INFO - 
============================================================
2026-02-18 20:55:10,168 - INFO - TRAINING ALL MODELS
2026-02-18 20:55:10,168 - INFO - ============================================================
2026-02-18 20:55:12,202 - INFO - Created new experiment: Insomnia_Risk_Prediction
2026-02-18 20:55:12,206 - INFO - 
==================================================
2026-02-18 20:55:12,206 - INFO - TRAINING: Logistic Regression
2026-02-18 20:55:12,206 - INFO - ==================================================
2026-02-18 20:55:13,015 - INFO - CV accuracy: 0.7644 (+/- 0.0036)
2026-02-18 20:55:13,015 - INFO - CV f1: 0.6832 (+/- 0.0054)
2026-02-18 20:55:13,016 - INFO - CV roc_auc: 0.7882 (+/- 0.0038)
2026-02-18 20:55:21,417 - INFO - Test F1 Score: 0.6841
2026-02-18 20:55:21,417 - INFO - Test ROC-AUC: 0.7910
2026-02-18 20:55:21,429 - INFO - 
==================================================
2026-02-18 20:55:21,429 - INFO - TRAINING: Random Forest
2026-02-18 20:55:21,429 - INFO - ==================================================
2026-02-18 20:55:36,362 - INFO - CV accuracy: 0.7910 (+/- 0.0036)
2026-02-18 20:55:36,362 - INFO - CV f1: 0.7068 (+/- 0.0060)
2026-02-18 20:55:36,362 - INFO - CV roc_auc: 0.8178 (+/- 0.0043)
2026-02-18 20:55:39,510 - INFO - Test F1 Score: 0.7074
2026-02-18 20:55:39,510 - INFO - Test ROC-AUC: 0.8207
2026-02-18 20:55:39,520 - INFO - 
==================================================
2026-02-18 20:55:39,520 - INFO - TRAINING: Gradient Boosting
2026-02-18 20:55:39,520 - INFO - ==================================================
2026-02-18 20:58:33,807 - INFO - CV accuracy: 0.7920 (+/- 0.0033)
2026-02-18 20:58:33,808 - INFO - CV f1: 0.7037 (+/- 0.0056)
2026-02-18 20:58:33,808 - INFO - CV roc_auc: 0.8209 (+/- 0.0048)
2026-02-18 20:58:37,063 - INFO - Test F1 Score: 0.7051
2026-02-18 20:58:37,063 - INFO - Test ROC-AUC: 0.8232
2026-02-18 20:58:37,074 - INFO - 
============================================================
2026-02-18 20:58:37,074 - INFO - MODEL COMPARISON
2026-02-18 20:58:37,075 - INFO - ============================================================
2026-02-18 20:58:37,075 - INFO - 
Model Performance Comparison:
2026-02-18 20:58:37,076 - INFO - 
RandomForest:
2026-02-18 20:58:37,076 - INFO -   accuracy: 0.7907
2026-02-18 20:58:37,076 - INFO -   precision: 0.7525
2026-02-18 20:58:37,077 - INFO -   recall: 0.6674
2026-02-18 20:58:37,077 - INFO -   f1_score: 0.7074
2026-02-18 20:58:37,077 - INFO -   roc_auc: 0.8207
2026-02-18 20:58:37,077 - INFO -   pr_auc: 0.7698
2026-02-18 20:58:37,077 - INFO -   cv_f1_mean: 0.7068
2026-02-18 20:58:37,077 - INFO - 
GradientBoosting:
2026-02-18 20:58:37,077 - INFO -   accuracy: 0.7924
2026-02-18 20:58:37,077 - INFO -   precision: 0.7637
2026-02-18 20:58:37,078 - INFO -   recall: 0.6548
2026-02-18 20:58:37,078 - INFO -   f1_score: 0.7051
2026-02-18 20:58:37,078 - INFO -   roc_auc: 0.8232
2026-02-18 20:58:37,078 - INFO -   pr_auc: 0.7778
2026-02-18 20:58:37,078 - INFO -   cv_f1_mean: 0.7037
2026-02-18 20:58:37,078 - INFO - 
LogisticRegression:
2026-02-18 20:58:37,078 - INFO -   accuracy: 0.7648
2026-02-18 20:58:37,079 - INFO -   precision: 0.6968
2026-02-18 20:58:37,079 - INFO -   recall: 0.6718
2026-02-18 20:58:37,079 - INFO -   f1_score: 0.6841
2026-02-18 20:58:37,079 - INFO -   roc_auc: 0.7910
2026-02-18 20:58:37,079 - INFO -   pr_auc: 0.7237
2026-02-18 20:58:37,079 - INFO -   cv_f1_mean: 0.6832
2026-02-18 20:58:37,081 - INFO -    F1 Score: 0.7074
2026-02-18 20:58:37,081 - INFO -    ROC-AUC: 0.8207
2026-02-18 20:58:37,083 - INFO - 
Comparison saved to reports/model_comparison.csv
2026-02-18 20:58:37,256 - INFO - Model comparison plot saved to reports/figures/model_comparison.png
2026-02-18 20:58:37,630 - INFO - ============================================================
2026-02-18 20:58:37,631 - INFO - ============================================================
